Connecting to database specified by database.yml
Connecting to database specified by database.yml
Connecting to database specified by database.yml
Connecting to database specified by database.yml
Connecting to database specified by database.yml
Connecting to database specified by database.yml
  [1m[36m (0.4ms)[0m  [1mselect sqlite_version(*)[0m
  [1m[35m (1.5ms)[0m  CREATE TABLE "schema_migrations" ("version" varchar(255) NOT NULL) 
  [1m[36m (1.4ms)[0m  [1mCREATE UNIQUE INDEX "unique_schema_migrations" ON "schema_migrations" ("version")[0m
  [1m[35m (0.1ms)[0m  SELECT "schema_migrations"."version" FROM "schema_migrations" 
Migrating to Users (20140205200828)
  [1m[36m (0.0ms)[0m  [1mbegin transaction[0m
  [1m[35m (0.4ms)[0m  CREATE TABLE "users" ("id" INTEGER PRIMARY KEY AUTOINCREMENT NOT NULL, "username" varchar(255), "email" varchar(255)) 
  [1m[36m (0.1ms)[0m  [1mINSERT INTO "schema_migrations" ("version") VALUES ('20140205200828')[0m
  [1m[35m (1.2ms)[0m  commit transaction
Migrating to Books (20140205200854)
  [1m[36m (0.0ms)[0m  [1mbegin transaction[0m
  [1m[35m (0.4ms)[0m  CREATE TABLE "books" ("id" INTEGER PRIMARY KEY AUTOINCREMENT NOT NULL, "title" varchar(255), "isbn" varchar(255), "genre" varchar(255), "author_id" integer) 
  [1m[36m (0.1ms)[0m  [1mINSERT INTO "schema_migrations" ("version") VALUES ('20140205200854')[0m
  [1m[35m (1.3ms)[0m  commit transaction
Migrating to Authors (20140205200903)
  [1m[36m (0.0ms)[0m  [1mbegin transaction[0m
  [1m[35m (0.4ms)[0m  CREATE TABLE "authors" ("id" INTEGER PRIMARY KEY AUTOINCREMENT NOT NULL, "first_name" varchar(255), "last_name" varchar(255)) 
  [1m[36m (0.1ms)[0m  [1mINSERT INTO "schema_migrations" ("version") VALUES ('20140205200903')[0m
  [1m[35m (1.2ms)[0m  commit transaction
Migrating to BookUsers (20140205232023)
  [1m[36m (0.0ms)[0m  [1mbegin transaction[0m
  [1m[35m (0.4ms)[0m  CREATE TABLE "book_users" ("id" INTEGER PRIMARY KEY AUTOINCREMENT NOT NULL, "book_id" integer, "user_id" integer) 
  [1m[36m (0.1ms)[0m  [1mINSERT INTO "schema_migrations" ("version") VALUES ('20140205232023')[0m
  [1m[35m (1.2ms)[0m  commit transaction
Migrating to Reviews (20140205233045)
  [1m[36m (0.0ms)[0m  [1mbegin transaction[0m
  [1m[35m (0.4ms)[0m  CREATE TABLE "reviews" ("id" INTEGER PRIMARY KEY AUTOINCREMENT NOT NULL, "subject" varchar(255), "body" text, "user_id" integer, "book_id" integer) 
  [1m[36m (0.1ms)[0m  [1mINSERT INTO "schema_migrations" ("version") VALUES ('20140205233045')[0m
  [1m[35m (1.2ms)[0m  commit transaction
  [1m[36m (0.1ms)[0m  [1mSELECT "schema_migrations"."version" FROM "schema_migrations" [0m
Connecting to database specified by database.yml
Connecting to database specified by database.yml
Connecting to database specified by database.yml
Connecting to database specified by database.yml
Connecting to database specified by database.yml
  [1m[36m (0.5ms)[0m  [1mSELECT "schema_migrations"."version" FROM "schema_migrations" [0m
Migrating to Users (20140205200828)
Migrating to Books (20140205200854)
Migrating to Authors (20140205200903)
Migrating to BookUsers (20140205232023)
Migrating to Reviews (20140205233045)
Migrating to Friends (20140209213513)
  [1m[35m (0.4ms)[0m  select sqlite_version(*)
  [1m[36m (0.1ms)[0m  [1mbegin transaction[0m
  [1m[35m (0.4ms)[0m  CREATE TABLE "friends" ("id" INTEGER PRIMARY KEY AUTOINCREMENT NOT NULL, "friend_id" integer, "user_id" integer) 
  [1m[36m (0.1ms)[0m  [1mINSERT INTO "schema_migrations" ("version") VALUES ('20140209213513')[0m
  [1m[35m (1.2ms)[0m  commit transaction
  [1m[36m (0.1ms)[0m  [1mSELECT "schema_migrations"."version" FROM "schema_migrations" [0m
Connecting to database specified by database.yml
  [1m[36m (0.5ms)[0m  [1mSELECT "schema_migrations"."version" FROM "schema_migrations" [0m
  [1m[35m (0.1ms)[0m  SELECT "schema_migrations"."version" FROM "schema_migrations" 
Migrating to Friends (20140209213513)
  [1m[36m (0.0ms)[0m  [1mselect sqlite_version(*)[0m
  [1m[35m (0.1ms)[0m  begin transaction
  [1m[36m (1.4ms)[0m  [1mDROP TABLE "friends"[0m
  [1m[35m (0.2ms)[0m  DELETE FROM "schema_migrations" WHERE "schema_migrations"."version" = '20140209213513'
  [1m[36m (1.2ms)[0m  [1mcommit transaction[0m
  [1m[35m (0.1ms)[0m  SELECT "schema_migrations"."version" FROM "schema_migrations" 
Connecting to database specified by database.yml
  [1m[36m (0.1ms)[0m  [1mSELECT "schema_migrations"."version" FROM "schema_migrations" [0m
Migrating to Users (20140205200828)
Migrating to Books (20140205200854)
Migrating to Authors (20140205200903)
Migrating to BookUsers (20140205232023)
Migrating to Reviews (20140205233045)
Migrating to Friendships (20140209213513)
  [1m[35m (0.0ms)[0m  select sqlite_version(*)
  [1m[36m (0.0ms)[0m  [1mbegin transaction[0m
  [1m[35m (0.6ms)[0m  CREATE TABLE "friends" ("id" INTEGER PRIMARY KEY AUTOINCREMENT NOT NULL, "friend_id" integer, "user_id" integer) 
  [1m[36m (0.1ms)[0m  [1mINSERT INTO "schema_migrations" ("version") VALUES ('20140209213513')[0m
  [1m[35m (0.8ms)[0m  commit transaction
  [1m[36m (0.1ms)[0m  [1mSELECT "schema_migrations"."version" FROM "schema_migrations" [0m
Connecting to database specified by database.yml
  [1m[36m (0.1ms)[0m  [1mSELECT "schema_migrations"."version" FROM "schema_migrations" [0m
  [1m[35m (0.1ms)[0m  SELECT "schema_migrations"."version" FROM "schema_migrations" 
Migrating to Friendships (20140209213513)
  [1m[36m (0.0ms)[0m  [1mselect sqlite_version(*)[0m
  [1m[35m (0.0ms)[0m  begin transaction
  [1m[36m (0.3ms)[0m  [1mDROP TABLE "friends"[0m
  [1m[35m (0.1ms)[0m  DELETE FROM "schema_migrations" WHERE "schema_migrations"."version" = '20140209213513'
  [1m[36m (7.9ms)[0m  [1mcommit transaction[0m
  [1m[35m (0.1ms)[0m  SELECT "schema_migrations"."version" FROM "schema_migrations" 
Connecting to database specified by database.yml
  [1m[36m (0.1ms)[0m  [1mSELECT "schema_migrations"."version" FROM "schema_migrations" [0m
Migrating to Users (20140205200828)
Migrating to Books (20140205200854)
Migrating to Authors (20140205200903)
Migrating to BookUsers (20140205232023)
Migrating to Reviews (20140205233045)
Migrating to Friendships (20140209213513)
  [1m[35m (0.0ms)[0m  select sqlite_version(*)
  [1m[36m (0.0ms)[0m  [1mbegin transaction[0m
  [1m[35m (0.9ms)[0m  CREATE TABLE "friendships" ("id" INTEGER PRIMARY KEY AUTOINCREMENT NOT NULL, "friend_id" integer, "user_id" integer) 
  [1m[36m (0.1ms)[0m  [1mINSERT INTO "schema_migrations" ("version") VALUES ('20140209213513')[0m
  [1m[35m (7.9ms)[0m  commit transaction
  [1m[36m (0.1ms)[0m  [1mSELECT "schema_migrations"."version" FROM "schema_migrations" [0m
Connecting to database specified by database.yml


Started GET "/trips/new" for 127.0.0.1 at 2014-02-10 11:49:33 -0500
Connecting to database specified by database.yml

ActionController::RoutingError (No route matches [GET] "/trips/new"):
  actionpack (3.2.15) lib/action_dispatch/middleware/debug_exceptions.rb:21:in `call'
  actionpack (3.2.15) lib/action_dispatch/middleware/show_exceptions.rb:56:in `call'
  railties (3.2.15) lib/rails/rack/logger.rb:32:in `call_app'
  railties (3.2.15) lib/rails/rack/logger.rb:16:in `block in call'
  activesupport (3.2.15) lib/active_support/tagged_logging.rb:22:in `tagged'
  railties (3.2.15) lib/rails/rack/logger.rb:16:in `call'
  actionpack (3.2.15) lib/action_dispatch/middleware/request_id.rb:22:in `call'
  rack (1.4.5) lib/rack/methodoverride.rb:21:in `call'
  rack (1.4.5) lib/rack/runtime.rb:17:in `call'
  activesupport (3.2.15) lib/active_support/cache/strategy/local_cache.rb:72:in `call'
  rack (1.4.5) lib/rack/lock.rb:15:in `call'
  actionpack (3.2.15) lib/action_dispatch/middleware/static.rb:63:in `call'
  railties (3.2.15) lib/rails/engine.rb:484:in `call'
  railties (3.2.15) lib/rails/application.rb:231:in `call'
  rack (1.4.5) lib/rack/content_length.rb:14:in `call'
  railties (3.2.15) lib/rails/rack/log_tailer.rb:17:in `call'
  rack (1.4.5) lib/rack/handler/webrick.rb:59:in `service'
  /Users/katedonahue/.rvm/rubies/ruby-2.0.0-p247/lib/ruby/2.0.0/webrick/httpserver.rb:138:in `service'
  /Users/katedonahue/.rvm/rubies/ruby-2.0.0-p247/lib/ruby/2.0.0/webrick/httpserver.rb:94:in `run'
  /Users/katedonahue/.rvm/rubies/ruby-2.0.0-p247/lib/ruby/2.0.0/webrick/server.rb:295:in `block in start_thread'


  Rendered /Users/katedonahue/.rvm/gems/ruby-2.0.0-p247/gems/actionpack-3.2.15/lib/action_dispatch/middleware/templates/rescues/routing_error.erb within rescues/layout (2.2ms)


Started GET "/assets/rails.png" for 127.0.0.1 at 2014-02-10 11:49:38 -0500
Served asset /rails.png - 200 OK (5ms)


Started GET "/users" for 127.0.0.1 at 2014-02-10 11:49:44 -0500
Processing by UsersController#index as HTML
  [1m[36mUser Load (0.3ms)[0m  [1mSELECT "users".* FROM "users" [0m
Completed 406 Not Acceptable in 24.7ms (ActiveRecord: 1.9ms)
Connecting to database specified by database.yml


Started GET "/users" for 127.0.0.1 at 2014-02-10 11:51:28 -0500
Processing by UsersController#index as HTML
  [1m[35mUser Load (0.2ms)[0m  SELECT "users".* FROM "users" 
Completed 406 Not Acceptable in 4.4ms (ActiveRecord: 0.2ms)


Started GET "/users.json" for 127.0.0.1 at 2014-02-10 11:52:56 -0500
Processing by UsersController#index as JSON
  [1m[36mUser Load (0.2ms)[0m  [1mSELECT "users".* FROM "users" [0m
Completed 200 OK in 1.4ms (Views: 0.3ms | ActiveRecord: 0.2ms)


Started GET "/users/1/user.json" for 127.0.0.1 at 2014-02-10 11:57:27 -0500

ActionController::RoutingError (No route matches [GET] "/users/1/user.json"):
  actionpack (3.2.15) lib/action_dispatch/middleware/debug_exceptions.rb:21:in `call'
  actionpack (3.2.15) lib/action_dispatch/middleware/show_exceptions.rb:56:in `call'
  railties (3.2.15) lib/rails/rack/logger.rb:32:in `call_app'
  railties (3.2.15) lib/rails/rack/logger.rb:16:in `block in call'
  activesupport (3.2.15) lib/active_support/tagged_logging.rb:22:in `tagged'
  railties (3.2.15) lib/rails/rack/logger.rb:16:in `call'
  actionpack (3.2.15) lib/action_dispatch/middleware/request_id.rb:22:in `call'
  rack (1.4.5) lib/rack/methodoverride.rb:21:in `call'
  rack (1.4.5) lib/rack/runtime.rb:17:in `call'
  activesupport (3.2.15) lib/active_support/cache/strategy/local_cache.rb:72:in `call'
  rack (1.4.5) lib/rack/lock.rb:15:in `call'
  actionpack (3.2.15) lib/action_dispatch/middleware/static.rb:63:in `call'
  railties (3.2.15) lib/rails/engine.rb:484:in `call'
  railties (3.2.15) lib/rails/application.rb:231:in `call'
  rack (1.4.5) lib/rack/content_length.rb:14:in `call'
  railties (3.2.15) lib/rails/rack/log_tailer.rb:17:in `call'
  rack (1.4.5) lib/rack/handler/webrick.rb:59:in `service'
  /Users/katedonahue/.rvm/rubies/ruby-2.0.0-p247/lib/ruby/2.0.0/webrick/httpserver.rb:138:in `service'
  /Users/katedonahue/.rvm/rubies/ruby-2.0.0-p247/lib/ruby/2.0.0/webrick/httpserver.rb:94:in `run'
  /Users/katedonahue/.rvm/rubies/ruby-2.0.0-p247/lib/ruby/2.0.0/webrick/server.rb:295:in `block in start_thread'


  Rendered /Users/katedonahue/.rvm/gems/ruby-2.0.0-p247/gems/actionpack-3.2.15/lib/action_dispatch/middleware/templates/rescues/routing_error.erb within rescues/layout (0.7ms)


Started GET "/users/1.json" for 127.0.0.1 at 2014-02-10 11:57:39 -0500
Processing by UsersController#show as JSON
  Parameters: {"id"=>"1"}
  [1m[35mUser Load (0.2ms)[0m  SELECT "users".* FROM "users" WHERE "users"."id" = ? LIMIT 1  [["id", "1"]]
Completed 200 OK in 6.3ms (Views: 0.4ms | ActiveRecord: 0.6ms)
Connecting to database specified by database.yml


Started GET "/users" for 127.0.0.1 at 2014-02-10 17:10:12 -0500
Connecting to database specified by database.yml
Processing by UsersController#index as HTML
  [1m[36mUser Load (0.1ms)[0m  [1mSELECT "users".* FROM "users" [0m
Completed 406 Not Acceptable in 53.9ms (ActiveRecord: 1.8ms)


Started GET "/users.json" for 127.0.0.1 at 2014-02-10 17:10:16 -0500
Processing by UsersController#index as JSON
  [1m[35mUser Load (0.2ms)[0m  SELECT "users".* FROM "users" 
Completed 200 OK in 1.6ms (Views: 0.4ms | ActiveRecord: 0.2ms)
Connecting to database specified by database.yml
Connecting to database specified by database.yml
  [1m[36m (0.5ms)[0m  [1mSELECT "schema_migrations"."version" FROM "schema_migrations" [0m
Migrating to Users (20140205200828)
Migrating to Books (20140205200854)
Migrating to Authors (20140205200903)
Migrating to BookUsers (20140205232023)
Migrating to Reviews (20140205233045)
Migrating to Friendships (20140209213513)
Migrating to BookYear (20140211163421)
  [1m[35m (0.5ms)[0m  select sqlite_version(*)
  [1m[36m (0.1ms)[0m  [1mbegin transaction[0m
  [1m[35m (1.1ms)[0m  ALTER TABLE "books" ADD "year" integer
  [1m[36m (0.5ms)[0m  [1mINSERT INTO "schema_migrations" ("version") VALUES ('20140211163421')[0m
  [1m[35m (1.0ms)[0m  commit transaction
  [1m[36m (0.2ms)[0m  [1mSELECT "schema_migrations"."version" FROM "schema_migrations" [0m
Connecting to database specified by database.yml
  [1m[36m (0.1ms)[0m  [1mSELECT "schema_migrations"."version" FROM "schema_migrations" [0m
